<?xml version="1.0" encoding="UTF-8"?>
<testsuite name="draw.helper.CanvasHelper_checkIfShapeIsInsideCanvas_should" tests="6" skipped="0" failures="0" errors="0" timestamp="2019-01-17T08:35:31" hostname="pc0164.puhh.local" time="0.005">
  <properties/>
  <testcase name="throw_runtime_exception_if_shape_is_outside_of_canvas(Shape[startX=11, endX=12, startY=1, endY=9, isHorizontal=false, isRectangle=false]) [0]" classname="draw.helper.CanvasHelper_checkIfShapeIsInsideCanvas_should" time="0.001"/>
  <testcase name="throw_runtime_exception_if_shape_is_outside_of_canvas(Shape[startX=1, endX=2, startY=11, endY=12, isHorizontal=false, isRectangle=false]) [1]" classname="draw.helper.CanvasHelper_checkIfShapeIsInsideCanvas_should" time="0.001"/>
  <testcase name="throw_runtime_exception_if_shape_is_outside_of_canvas(Shape[startX=1, endX=11, startY=2, endY=3, isHorizontal=false, isRectangle=false]) [2]" classname="draw.helper.CanvasHelper_checkIfShapeIsInsideCanvas_should" time="0.001"/>
  <testcase name="throw_runtime_exception_if_shape_is_outside_of_canvas(Shape[startX=1, endX=2, startY=2, endY=12, isHorizontal=false, isRectangle=false]) [3]" classname="draw.helper.CanvasHelper_checkIfShapeIsInsideCanvas_should" time="0.0"/>
  <testcase name="not_throw_error_if_shape_is_not_outside_of_canvas" classname="draw.helper.CanvasHelper_checkIfShapeIsInsideCanvas_should" time="0.0"/>
  <testcase name="not_throw_error_if_canvas_is_set_has_width_and_height" classname="draw.helper.CanvasHelper_checkIfShapeIsInsideCanvas_should" time="0.0"/>
  <system-out><![CDATA[]]></system-out>
  <system-err><![CDATA[]]></system-err>
</testsuite>
