<?xml version="1.0" encoding="UTF-8"?>
<testsuite name="draw.helper.ShapeHelper_isPointOnLine_should" tests="16" skipped="0" failures="0" errors="0" timestamp="2019-01-17T08:35:31" hostname="pc0164.puhh.local" time="0.006">
  <properties/>
  <testcase name="return_true_if_point_is_on_vertical_line([2, 1] -&gt;[] ) [0]" classname="draw.helper.ShapeHelper_isPointOnLine_should" time="0.001"/>
  <testcase name="return_true_if_point_is_on_vertical_line([2, 4] -&gt;[] ) [1]" classname="draw.helper.ShapeHelper_isPointOnLine_should" time="0.0"/>
  <testcase name="return_true_if_point_is_on_vertical_line([2, 7] -&gt;[] ) [2]" classname="draw.helper.ShapeHelper_isPointOnLine_should" time="0.0"/>
  <testcase name="return_true_if_point_is_on_vertical_line([2, 8] -&gt;[] ) [3]" classname="draw.helper.ShapeHelper_isPointOnLine_should" time="0.0"/>
  <testcase name="return_true_if_point_is_not_on_vertical_line([1, 1] -&gt;[] ) [0]" classname="draw.helper.ShapeHelper_isPointOnLine_should" time="0.0"/>
  <testcase name="return_true_if_point_is_not_on_vertical_line([3, 1] -&gt;[] ) [1]" classname="draw.helper.ShapeHelper_isPointOnLine_should" time="0.0"/>
  <testcase name="return_true_if_point_is_not_on_vertical_line([2, 9] -&gt;[] ) [2]" classname="draw.helper.ShapeHelper_isPointOnLine_should" time="0.0"/>
  <testcase name="return_true_if_point_is_not_on_vertical_line([6, 7] -&gt;[] ) [3]" classname="draw.helper.ShapeHelper_isPointOnLine_should" time="0.0"/>
  <testcase name="return_false_if_point_is_on_not_on_horizontal_line([1, 1] -&gt;[] ) [0]" classname="draw.helper.ShapeHelper_isPointOnLine_should" time="0.0"/>
  <testcase name="return_false_if_point_is_on_not_on_horizontal_line([11, 1] -&gt;[] ) [1]" classname="draw.helper.ShapeHelper_isPointOnLine_should" time="0.0"/>
  <testcase name="return_false_if_point_is_on_not_on_horizontal_line([5, 2] -&gt;[] ) [2]" classname="draw.helper.ShapeHelper_isPointOnLine_should" time="0.0"/>
  <testcase name="return_false_if_point_is_on_not_on_horizontal_line([6, 7] -&gt;[] ) [3]" classname="draw.helper.ShapeHelper_isPointOnLine_should" time="0.0"/>
  <testcase name="return_true_if_point_is_on_horizontal_line([2, 1] -&gt;[] ) [0]" classname="draw.helper.ShapeHelper_isPointOnLine_should" time="0.0"/>
  <testcase name="return_true_if_point_is_on_horizontal_line([5, 1] -&gt;[] ) [1]" classname="draw.helper.ShapeHelper_isPointOnLine_should" time="0.0"/>
  <testcase name="return_true_if_point_is_on_horizontal_line([8, 1] -&gt;[] ) [2]" classname="draw.helper.ShapeHelper_isPointOnLine_should" time="0.0"/>
  <testcase name="return_true_if_point_is_on_horizontal_line([10, 1] -&gt;[] ) [3]" classname="draw.helper.ShapeHelper_isPointOnLine_should" time="0.0"/>
  <system-out><![CDATA[]]></system-out>
  <system-err><![CDATA[]]></system-err>
</testsuite>
