<?xml version="1.0" encoding="UTF-8"?>
<testsuite name="draw.helper.CanvasHelper_checkIfCanvasIsSet_should" tests="4" skipped="0" failures="0" errors="0" timestamp="2019-01-17T08:35:31" hostname="pc0164.puhh.local" time="0.001">
  <properties/>
  <testcase name="throw_runtime_exception_if_canvas_is_not_set_or_width_or_height_is_zero(null) [0]" classname="draw.helper.CanvasHelper_checkIfCanvasIsSet_should" time="0.0"/>
  <testcase name="throw_runtime_exception_if_canvas_is_not_set_or_width_or_height_is_zero(Canvas[width=0, height=0]) [1]" classname="draw.helper.CanvasHelper_checkIfCanvasIsSet_should" time="0.0"/>
  <testcase name="throw_runtime_exception_if_canvas_is_not_set_or_width_or_height_is_zero(Canvas[width=0, height=10]) [2]" classname="draw.helper.CanvasHelper_checkIfCanvasIsSet_should" time="0.0"/>
  <testcase name="throw_runtime_exception_if_canvas_is_not_set_or_width_or_height_is_zero(Canvas[width=10, height=0]) [3]" classname="draw.helper.CanvasHelper_checkIfCanvasIsSet_should" time="0.001"/>
  <system-out><![CDATA[]]></system-out>
  <system-err><![CDATA[]]></system-err>
</testsuite>
